TN:
SF:src/components/common/ThemeToggle.tsx
FN:8,(anonymous_1)
FNF:1
FNH:0
FNDA:0,(anonymous_1)
DA:1,0
DA:2,0
DA:8,0
DA:9,0
DA:11,0
DA:49,0
LF:6
LH:0
BRDA:13,0,0,0
BRDA:13,0,1,0
BRDA:14,1,0,0
BRDA:14,1,1,0
BRDA:18,2,0,0
BRDA:18,2,1,0
BRF:6
BRH:0
end_of_record
TN:
SF:src/components/photo-lightbox/hooks/useLightbox.ts
FN:22,useLightbox
FN:27,(anonymous_1)
FN:28,(anonymous_2)
FN:34,(anonymous_3)
FN:39,(anonymous_4)
FN:41,(anonymous_5)
FN:47,(anonymous_6)
FN:49,(anonymous_7)
FNF:8
FNH:0
FNDA:0,useLightbox
FNDA:0,(anonymous_1)
FNDA:0,(anonymous_2)
FNDA:0,(anonymous_3)
FNDA:0,(anonymous_4)
FNDA:0,(anonymous_5)
FNDA:0,(anonymous_6)
FNDA:0,(anonymous_7)
DA:1,0
DA:22,0
DA:23,0
DA:24,0
DA:27,0
DA:28,0
DA:29,0
DA:30,0
DA:34,0
DA:35,0
DA:39,0
DA:40,0
DA:41,0
DA:42,0
DA:47,0
DA:48,0
DA:49,0
DA:50,0
DA:55,0
DA:57,0
DA:68,0
LF:21
LH:0
BRDA:29,0,0,0
BRDA:29,0,1,0
BRDA:40,1,0,0
BRDA:40,1,1,0
BRDA:42,2,0,0
BRDA:42,2,1,0
BRDA:48,3,0,0
BRDA:48,3,1,0
BRDA:50,4,0,0
BRDA:50,4,1,0
BRF:10
BRH:0
end_of_record
TN:
SF:src/hooks/index.ts
FN:6,(anonymous_1)
FN:9,(anonymous_2)
FN:12,(anonymous_3)
FN:15,(anonymous_4)
FNF:4
FNH:0
FNDA:0,(anonymous_1)
FNDA:0,(anonymous_2)
FNDA:0,(anonymous_3)
FNDA:0,(anonymous_4)
DA:6,0
DA:9,0
DA:12,0
DA:15,0
LF:4
LH:0
BRF:0
BRH:0
end_of_record
TN:
SF:src/hooks/useTheme.ts
FN:8,(anonymous_0)
FN:15,(anonymous_1)
FN:25,(anonymous_2)
FN:45,(anonymous_3)
FNF:4
FNH:4
FNDA:23,(anonymous_0)
FNDA:13,(anonymous_1)
FNDA:12,(anonymous_2)
FNDA:6,(anonymous_3)
DA:1,1
DA:8,1
DA:10,23
DA:15,23
DA:16,13
DA:18,13
DA:19,9
DA:21,4
DA:25,23
DA:27,12
DA:31,12
DA:32,6
DA:33,6
DA:36,6
DA:37,1
DA:38,1
DA:45,23
DA:46,6
DA:47,6
DA:50,6
DA:51,6
DA:55,6
DA:58,23
DA:61,1
LF:24
LH:24
BRDA:16,0,0,0
BRDA:16,0,1,13
BRDA:18,1,0,9
BRDA:18,1,1,4
BRDA:27,2,0,12
BRDA:27,2,1,0
BRDA:31,3,0,6
BRDA:31,3,1,6
BRDA:31,4,0,12
BRDA:31,4,1,6
BRDA:31,4,2,4
BRDA:36,5,0,1
BRDA:36,5,1,5
BRDA:36,6,0,6
BRDA:36,6,1,6
BRDA:46,7,0,4
BRDA:46,7,1,2
BRDA:50,8,0,6
BRDA:50,8,1,0
BRF:19
BRH:16
end_of_record
TN:
SF:src/hooks/filter/usePhotoFilter.ts
FN:15,(anonymous_0)
FN:19,(anonymous_1)
FN:24,(anonymous_2)
FNF:3
FNH:3
FNDA:36,(anonymous_0)
FNDA:25,(anonymous_1)
FNDA:38,(anonymous_2)
DA:1,1
DA:15,1
DA:16,36
DA:17,36
DA:19,36
DA:20,25
DA:21,16
DA:23,9
DA:25,38
DA:31,36
DA:38,1
LF:11
LH:11
BRDA:20,0,0,16
BRDA:20,0,1,9
BRDA:25,1,0,38
BRDA:25,1,1,37
BRF:4
BRH:4
end_of_record
TN:
SF:src/hooks/pagination/usePagination.ts
FN:22,usePagination
FN:30,(anonymous_1)
FN:41,(anonymous_2)
FN:42,(anonymous_3)
FN:46,(anonymous_4)
FNF:5
FNH:5
FNDA:33,usePagination
FNDA:20,(anonymous_1)
FNDA:11,(anonymous_2)
FNDA:11,(anonymous_3)
FNDA:1,(anonymous_4)
DA:1,1
DA:22,1
DA:27,33
DA:30,33
DA:31,20
DA:35,33
DA:38,33
DA:41,33
DA:42,11
DA:46,33
DA:47,1
DA:50,33
DA:60,1
LF:13
LH:13
BRDA:24,0,0,7
BRDA:25,1,0,18
BRF:2
BRH:2
end_of_record
